0 info it worked if it ends with ok
1 verbose cli [ '/package/host/localhost/nodejs-0.10.43/bin/node',
1 verbose cli   '/usr/local/bin/npm',
1 verbose cli   'install' ]
2 info using npm@1.4.29
3 info using node@v0.10.43
4 warn deprecated This version of npm lacks support for important features,
5 warn deprecated such as scoped packages, offered by the primary npm
6 warn deprecated registry. Consider upgrading to at least npm@2, if not the
7 warn deprecated latest stable version. To upgrade to npm@2, run:
8 warn deprecated npm -g install npm@latest-2
9 warn deprecated To upgrade to the latest stable version, run:
10 warn deprecated npm -g install npm@latest
11 warn deprecated (Depending on how Node.js was installed on your system, you
12 warn deprecated may need to prefix the preceding commands with `sudo`, or if
13 warn deprecated on Windows, run them from an Administrator prompt.)
14 warn deprecated If you're running the version of npm bundled with
15 warn deprecated Node.js 0.10 LTS, be aware that the next version of 0.10 LTS
16 warn deprecated will be bundled with a version of npm@2, which has some small
17 warn deprecated backwards-incompatible changes made to `npm run-script` and
18 warn deprecated semver behavior.
19 warn package.json backend-api@1.0.0 No repository field.
20 warn package.json backend-api@1.0.0 No README data
21 verbose readDependencies using package.json deps
22 verbose install where, deps [ '/home/aflapp/awayfromlife-backend',
22 verbose install   [ 'bcryptjs',
22 verbose install     'body-parser',
22 verbose install     'express',
22 verbose install     'jsonwebtoken',
22 verbose install     'moment',
22 verbose install     'mongoose',
22 verbose install     'passport',
22 verbose install     'passport-jwt' ] ]
23 info preinstall backend-api@1.0.0
24 verbose readDependencies using package.json deps
25 verbose cache add [ 'express@^4.16.1', null ]
26 verbose cache add name=undefined spec="express@^4.16.1" args=["express@^4.16.1",null]
27 verbose parsed url { protocol: null,
27 verbose parsed url   slashes: null,
27 verbose parsed url   auth: null,
27 verbose parsed url   host: null,
27 verbose parsed url   port: null,
27 verbose parsed url   hostname: null,
27 verbose parsed url   hash: null,
27 verbose parsed url   search: null,
27 verbose parsed url   query: null,
27 verbose parsed url   pathname: 'express@^4.16.1',
27 verbose parsed url   path: 'express@^4.16.1',
27 verbose parsed url   href: 'express@^4.16.1' }
28 verbose cache add [ 'jsonwebtoken@^8.1.0', null ]
29 verbose cache add name=undefined spec="jsonwebtoken@^8.1.0" args=["jsonwebtoken@^8.1.0",null]
30 verbose parsed url { protocol: null,
30 verbose parsed url   slashes: null,
30 verbose parsed url   auth: null,
30 verbose parsed url   host: null,
30 verbose parsed url   port: null,
30 verbose parsed url   hostname: null,
30 verbose parsed url   hash: null,
30 verbose parsed url   search: null,
30 verbose parsed url   query: null,
30 verbose parsed url   pathname: 'jsonwebtoken@^8.1.0',
30 verbose parsed url   path: 'jsonwebtoken@^8.1.0',
30 verbose parsed url   href: 'jsonwebtoken@^8.1.0' }
31 verbose cache add [ 'moment@^2.19.1', null ]
32 verbose cache add name=undefined spec="moment@^2.19.1" args=["moment@^2.19.1",null]
33 verbose parsed url { protocol: null,
33 verbose parsed url   slashes: null,
33 verbose parsed url   auth: null,
33 verbose parsed url   host: null,
33 verbose parsed url   port: null,
33 verbose parsed url   hostname: null,
33 verbose parsed url   hash: null,
33 verbose parsed url   search: null,
33 verbose parsed url   query: null,
33 verbose parsed url   pathname: 'moment@^2.19.1',
33 verbose parsed url   path: 'moment@^2.19.1',
33 verbose parsed url   href: 'moment@^2.19.1' }
34 verbose cache add [ 'mongoose@^4.12.1', null ]
35 verbose cache add name=undefined spec="mongoose@^4.12.1" args=["mongoose@^4.12.1",null]
36 verbose parsed url { protocol: null,
36 verbose parsed url   slashes: null,
36 verbose parsed url   auth: null,
36 verbose parsed url   host: null,
36 verbose parsed url   port: null,
36 verbose parsed url   hostname: null,
36 verbose parsed url   hash: null,
36 verbose parsed url   search: null,
36 verbose parsed url   query: null,
36 verbose parsed url   pathname: 'mongoose@^4.12.1',
36 verbose parsed url   path: 'mongoose@^4.12.1',
36 verbose parsed url   href: 'mongoose@^4.12.1' }
37 verbose cache add [ 'passport@^0.4.0', null ]
38 verbose cache add name=undefined spec="passport@^0.4.0" args=["passport@^0.4.0",null]
39 verbose parsed url { protocol: null,
39 verbose parsed url   slashes: null,
39 verbose parsed url   auth: null,
39 verbose parsed url   host: null,
39 verbose parsed url   port: null,
39 verbose parsed url   hostname: null,
39 verbose parsed url   hash: null,
39 verbose parsed url   search: null,
39 verbose parsed url   query: null,
39 verbose parsed url   pathname: 'passport@^0.4.0',
39 verbose parsed url   path: 'passport@^0.4.0',
39 verbose parsed url   href: 'passport@^0.4.0' }
40 verbose cache add [ 'passport-jwt@^3.0.1', null ]
41 verbose cache add name=undefined spec="passport-jwt@^3.0.1" args=["passport-jwt@^3.0.1",null]
42 verbose parsed url { protocol: null,
42 verbose parsed url   slashes: null,
42 verbose parsed url   auth: null,
42 verbose parsed url   host: null,
42 verbose parsed url   port: null,
42 verbose parsed url   hostname: null,
42 verbose parsed url   hash: null,
42 verbose parsed url   search: null,
42 verbose parsed url   query: null,
42 verbose parsed url   pathname: 'passport-jwt@^3.0.1',
42 verbose parsed url   path: 'passport-jwt@^3.0.1',
42 verbose parsed url   href: 'passport-jwt@^3.0.1' }
43 verbose cache add name="express" spec="^4.16.1" args=["express","^4.16.1"]
44 verbose parsed url { protocol: null,
44 verbose parsed url   slashes: null,
44 verbose parsed url   auth: null,
44 verbose parsed url   host: null,
44 verbose parsed url   port: null,
44 verbose parsed url   hostname: null,
44 verbose parsed url   hash: null,
44 verbose parsed url   search: null,
44 verbose parsed url   query: null,
44 verbose parsed url   pathname: '^4.16.1',
44 verbose parsed url   path: '^4.16.1',
44 verbose parsed url   href: '^4.16.1' }
45 verbose addNamed [ 'express', '^4.16.1' ]
46 verbose addNamed [ null, '>=4.16.1-0 <5.0.0-0' ]
47 verbose cache add name="jsonwebtoken" spec="^8.1.0" args=["jsonwebtoken","^8.1.0"]
48 verbose parsed url { protocol: null,
48 verbose parsed url   slashes: null,
48 verbose parsed url   auth: null,
48 verbose parsed url   host: null,
48 verbose parsed url   port: null,
48 verbose parsed url   hostname: null,
48 verbose parsed url   hash: null,
48 verbose parsed url   search: null,
48 verbose parsed url   query: null,
48 verbose parsed url   pathname: '^8.1.0',
48 verbose parsed url   path: '^8.1.0',
48 verbose parsed url   href: '^8.1.0' }
49 verbose addNamed [ 'jsonwebtoken', '^8.1.0' ]
50 verbose addNamed [ null, '>=8.1.0-0 <9.0.0-0' ]
51 verbose cache add name="moment" spec="^2.19.1" args=["moment","^2.19.1"]
52 verbose parsed url { protocol: null,
52 verbose parsed url   slashes: null,
52 verbose parsed url   auth: null,
52 verbose parsed url   host: null,
52 verbose parsed url   port: null,
52 verbose parsed url   hostname: null,
52 verbose parsed url   hash: null,
52 verbose parsed url   search: null,
52 verbose parsed url   query: null,
52 verbose parsed url   pathname: '^2.19.1',
52 verbose parsed url   path: '^2.19.1',
52 verbose parsed url   href: '^2.19.1' }
53 verbose addNamed [ 'moment', '^2.19.1' ]
54 verbose addNamed [ null, '>=2.19.1-0 <3.0.0-0' ]
55 verbose cache add name="mongoose" spec="^4.12.1" args=["mongoose","^4.12.1"]
56 verbose parsed url { protocol: null,
56 verbose parsed url   slashes: null,
56 verbose parsed url   auth: null,
56 verbose parsed url   host: null,
56 verbose parsed url   port: null,
56 verbose parsed url   hostname: null,
56 verbose parsed url   hash: null,
56 verbose parsed url   search: null,
56 verbose parsed url   query: null,
56 verbose parsed url   pathname: '^4.12.1',
56 verbose parsed url   path: '^4.12.1',
56 verbose parsed url   href: '^4.12.1' }
57 verbose addNamed [ 'mongoose', '^4.12.1' ]
58 verbose addNamed [ null, '>=4.12.1-0 <5.0.0-0' ]
59 verbose cache add name="passport" spec="^0.4.0" args=["passport","^0.4.0"]
60 verbose parsed url { protocol: null,
60 verbose parsed url   slashes: null,
60 verbose parsed url   auth: null,
60 verbose parsed url   host: null,
60 verbose parsed url   port: null,
60 verbose parsed url   hostname: null,
60 verbose parsed url   hash: null,
60 verbose parsed url   search: null,
60 verbose parsed url   query: null,
60 verbose parsed url   pathname: '^0.4.0',
60 verbose parsed url   path: '^0.4.0',
60 verbose parsed url   href: '^0.4.0' }
61 verbose addNamed [ 'passport', '^0.4.0' ]
62 verbose addNamed [ null, '>=0.4.0-0 <0.5.0-0' ]
63 verbose cache add [ 'bcryptjs@^2.4.3', null ]
64 verbose cache add name=undefined spec="bcryptjs@^2.4.3" args=["bcryptjs@^2.4.3",null]
65 verbose parsed url { protocol: null,
65 verbose parsed url   slashes: null,
65 verbose parsed url   auth: null,
65 verbose parsed url   host: null,
65 verbose parsed url   port: null,
65 verbose parsed url   hostname: null,
65 verbose parsed url   hash: null,
65 verbose parsed url   search: null,
65 verbose parsed url   query: null,
65 verbose parsed url   pathname: 'bcryptjs@^2.4.3',
65 verbose parsed url   path: 'bcryptjs@^2.4.3',
65 verbose parsed url   href: 'bcryptjs@^2.4.3' }
66 verbose cache add [ 'body-parser@^1.18.2', null ]
67 verbose cache add name=undefined spec="body-parser@^1.18.2" args=["body-parser@^1.18.2",null]
68 verbose parsed url { protocol: null,
68 verbose parsed url   slashes: null,
68 verbose parsed url   auth: null,
68 verbose parsed url   host: null,
68 verbose parsed url   port: null,
68 verbose parsed url   hostname: null,
68 verbose parsed url   hash: null,
68 verbose parsed url   search: null,
68 verbose parsed url   query: null,
68 verbose parsed url   pathname: 'body-parser@^1.18.2',
68 verbose parsed url   path: 'body-parser@^1.18.2',
68 verbose parsed url   href: 'body-parser@^1.18.2' }
69 verbose cache add name="passport-jwt" spec="^3.0.1" args=["passport-jwt","^3.0.1"]
70 verbose parsed url { protocol: null,
70 verbose parsed url   slashes: null,
70 verbose parsed url   auth: null,
70 verbose parsed url   host: null,
70 verbose parsed url   port: null,
70 verbose parsed url   hostname: null,
70 verbose parsed url   hash: null,
70 verbose parsed url   search: null,
70 verbose parsed url   query: null,
70 verbose parsed url   pathname: '^3.0.1',
70 verbose parsed url   path: '^3.0.1',
70 verbose parsed url   href: '^3.0.1' }
71 verbose addNamed [ 'passport-jwt', '^3.0.1' ]
72 verbose addNamed [ null, '>=3.0.1-0 <4.0.0-0' ]
73 verbose cache add name="bcryptjs" spec="^2.4.3" args=["bcryptjs","^2.4.3"]
74 verbose parsed url { protocol: null,
74 verbose parsed url   slashes: null,
74 verbose parsed url   auth: null,
74 verbose parsed url   host: null,
74 verbose parsed url   port: null,
74 verbose parsed url   hostname: null,
74 verbose parsed url   hash: null,
74 verbose parsed url   search: null,
74 verbose parsed url   query: null,
74 verbose parsed url   pathname: '^2.4.3',
74 verbose parsed url   path: '^2.4.3',
74 verbose parsed url   href: '^2.4.3' }
75 verbose addNamed [ 'bcryptjs', '^2.4.3' ]
76 verbose addNamed [ null, '>=2.4.3-0 <3.0.0-0' ]
77 silly lockFile 0bcd462c-bcryptjs-2-4-3 bcryptjs@^2.4.3
78 verbose lock bcryptjs@^2.4.3 /home/aflapp/.npm/0bcd462c-bcryptjs-2-4-3.lock
79 verbose cache add name="body-parser" spec="^1.18.2" args=["body-parser","^1.18.2"]
80 verbose parsed url { protocol: null,
80 verbose parsed url   slashes: null,
80 verbose parsed url   auth: null,
80 verbose parsed url   host: null,
80 verbose parsed url   port: null,
80 verbose parsed url   hostname: null,
80 verbose parsed url   hash: null,
80 verbose parsed url   search: null,
80 verbose parsed url   query: null,
80 verbose parsed url   pathname: '^1.18.2',
80 verbose parsed url   path: '^1.18.2',
80 verbose parsed url   href: '^1.18.2' }
81 verbose addNamed [ 'body-parser', '^1.18.2' ]
82 verbose addNamed [ null, '>=1.18.2-0 <2.0.0-0' ]
83 silly lockFile f1a8a4ce-body-parser-1-18-2 body-parser@^1.18.2
84 verbose lock body-parser@^1.18.2 /home/aflapp/.npm/f1a8a4ce-body-parser-1-18-2.lock
85 silly lockFile 0bcd462c-bcryptjs-2-4-3 bcryptjs@^2.4.3
86 error Error: Attempt to unlock bcryptjs@^2.4.3, which hasn't been locked
86 error     at unlock (/package/host/localhost/nodejs-0.10.43/lib/node_modules/npm/lib/utils/locker.js:44:11)
86 error     at cb (/package/host/localhost/nodejs-0.10.43/lib/node_modules/npm/lib/cache/add-named.js:32:5)
86 error     at /package/host/localhost/nodejs-0.10.43/lib/node_modules/npm/lib/cache/add-named.js:41:20
86 error     at /package/host/localhost/nodejs-0.10.43/lib/node_modules/npm/lib/utils/locker.js:30:7
86 error     at cb (/package/host/localhost/nodejs-0.10.43/lib/node_modules/npm/node_modules/lockfile/lockfile.js:149:38)
86 error     at /package/host/localhost/nodejs-0.10.43/lib/node_modules/npm/node_modules/lockfile/lockfile.js:177:38
86 error     at Object.oncomplete (fs.js:108:15)
87 error If you need help, you may report this *entire* log,
87 error including the npm and node versions, at:
87 error     <http://github.com/npm/npm/issues>
88 error System Linux 2.6.32-642.6.2.el6.x86_64
89 error command "/package/host/localhost/nodejs-0.10.43/bin/node" "/usr/local/bin/npm" "install"
90 error cwd /home/aflapp/awayfromlife-backend
91 error node -v v0.10.43
92 error npm -v 1.4.29
93 verbose exit [ 1, true ]
